<?xml version="1.0" encoding="UTF-8"?>
<!-- Generated by org.testng.reporters.JUnitReportReporter -->
<testsuite hostname="DESKTOP-SOILR5V" name="seleniumProgram.TestTaskProgram" tests="1" failures="0" timestamp="12 Nov 2019 19:42:37 GMT" time="60.454" errors="0">
  <testcase name="productTest" time="60.454" classname="seleniumProgram.TestTaskProgram"/>
</testsuite> <!-- seleniumProgram.TestTaskProgram -->
